<?xml version="1.0" encoding="UTF-8"?>
<!-- Generated by org.testng.reporters.JUnitXMLReporter -->
<testsuite hostname="SAMEERA" ignored="0" name="Default test" tests="11" failures="0" timestamp="2020-11-16T23:58:35 EST" time="184.912" errors="0">
  <testcase name="test1" time="8.942" classname="testCombyneScripts.LoginScripts"/>
  <testcase name="test2" time="12.754" classname="testCombyneScripts.LoginScripts"/>
  <testcase name="test4" time="11.792" classname="testCombyneScripts.LoginScripts"/>
  <testcase name="test5" time="11.801" classname="testCombyneScripts.LoginScripts"/>
  <testcase name="test6" time="12.228" classname="testCombyneScripts.LoginScripts"/>
  <testcase name="test8" time="19.919" classname="testCombyneScripts.LoginScripts"/>
  <testcase name="test9" time="11.796" classname="testCombyneScripts.LoginScripts"/>
  <testcase name="test10" time="9.734" classname="testCombyneScripts.LoginScripts"/>
  <testcase name="test11" time="12.945" classname="testCombyneScripts.LoginScripts"/>
  <testcase name="test12" time="13.52" classname="testCombyneScripts.LoginScripts"/>
  <testcase name="test16" time="12.129" classname="testCombyneScripts.LoginScripts"/>
</testsuite> <!-- Default test -->
