<?xml version="1.0" encoding="UTF-8"?>
<testng-results skipped="0" failed="0" ignored="0" total="11" passed="11">
  <reporter-output>
  </reporter-output>
  <suite name="Default suite" duration-ms="184912" started-at="2020-11-16T23:55:30 EST" finished-at="2020-11-16T23:58:35 EST">
    <groups>
    </groups>
    <test name="Default test" duration-ms="184912" started-at="2020-11-16T23:55:30 EST" finished-at="2020-11-16T23:58:35 EST">
      <class name="testCombyneScripts.LoginScripts">
        <test-method status="PASS" signature="setUp()[pri:0, instance:testCombyneScripts.LoginScripts@5faeada1]" name="setUp" is-config="true" duration-ms="4450" started-at="2020-11-16T23:55:30 EST" finished-at="2020-11-16T23:55:34 EST">
          <reporter-output>
          </reporter-output>
        </test-method> <!-- setUp -->
        <test-method status="PASS" signature="test1()[pri:0, instance:testCombyneScripts.LoginScripts@5faeada1]" name="test1" duration-ms="8942" started-at="2020-11-16T23:55:34 EST" finished-at="2020-11-16T23:55:43 EST">
          <reporter-output>
          </reporter-output>
        </test-method> <!-- test1 -->
        <test-method status="PASS" signature="tearDown()[pri:0, instance:testCombyneScripts.LoginScripts@5faeada1]" name="tearDown" is-config="true" duration-ms="722" started-at="2020-11-16T23:55:43 EST" finished-at="2020-11-16T23:55:44 EST">
          <reporter-output>
          </reporter-output>
        </test-method> <!-- tearDown -->
        <test-method status="PASS" signature="setUp()[pri:0, instance:testCombyneScripts.LoginScripts@5faeada1]" name="setUp" is-config="true" duration-ms="3495" started-at="2020-11-16T23:55:44 EST" finished-at="2020-11-16T23:55:47 EST">
          <reporter-output>
          </reporter-output>
        </test-method> <!-- setUp -->
        <test-method status="PASS" signature="test2()[pri:1, instance:testCombyneScripts.LoginScripts@5faeada1]" name="test2" duration-ms="12754" started-at="2020-11-16T23:55:47 EST" finished-at="2020-11-16T23:56:00 EST">
          <reporter-output>
          </reporter-output>
        </test-method> <!-- test2 -->
        <test-method status="PASS" signature="tearDown()[pri:0, instance:testCombyneScripts.LoginScripts@5faeada1]" name="tearDown" is-config="true" duration-ms="652" started-at="2020-11-16T23:56:00 EST" finished-at="2020-11-16T23:56:01 EST">
          <reporter-output>
          </reporter-output>
        </test-method> <!-- tearDown -->
        <test-method status="PASS" signature="setUp()[pri:0, instance:testCombyneScripts.LoginScripts@5faeada1]" name="setUp" is-config="true" duration-ms="3342" started-at="2020-11-16T23:56:01 EST" finished-at="2020-11-16T23:56:04 EST">
          <reporter-output>
          </reporter-output>
        </test-method> <!-- setUp -->
        <test-method status="PASS" signature="test4()[pri:2, instance:testCombyneScripts.LoginScripts@5faeada1]" name="test4" duration-ms="11792" started-at="2020-11-16T23:56:04 EST" finished-at="2020-11-16T23:56:16 EST">
          <reporter-output>
          </reporter-output>
        </test-method> <!-- test4 -->
        <test-method status="PASS" signature="tearDown()[pri:0, instance:testCombyneScripts.LoginScripts@5faeada1]" name="tearDown" is-config="true" duration-ms="670" started-at="2020-11-16T23:56:16 EST" finished-at="2020-11-16T23:56:17 EST">
          <reporter-output>
          </reporter-output>
        </test-method> <!-- tearDown -->
        <test-method status="PASS" signature="setUp()[pri:0, instance:testCombyneScripts.LoginScripts@5faeada1]" name="setUp" is-config="true" duration-ms="3426" started-at="2020-11-16T23:56:17 EST" finished-at="2020-11-16T23:56:20 EST">
          <reporter-output>
          </reporter-output>
        </test-method> <!-- setUp -->
        <test-method status="PASS" signature="test5()[pri:3, instance:testCombyneScripts.LoginScripts@5faeada1]" name="test5" duration-ms="11801" started-at="2020-11-16T23:56:20 EST" finished-at="2020-11-16T23:56:32 EST">
          <reporter-output>
          </reporter-output>
        </test-method> <!-- test5 -->
        <test-method status="PASS" signature="tearDown()[pri:0, instance:testCombyneScripts.LoginScripts@5faeada1]" name="tearDown" is-config="true" duration-ms="664" started-at="2020-11-16T23:56:32 EST" finished-at="2020-11-16T23:56:33 EST">
          <reporter-output>
          </reporter-output>
        </test-method> <!-- tearDown -->
        <test-method status="PASS" signature="setUp()[pri:0, instance:testCombyneScripts.LoginScripts@5faeada1]" name="setUp" is-config="true" duration-ms="3321" started-at="2020-11-16T23:56:33 EST" finished-at="2020-11-16T23:56:36 EST">
          <reporter-output>
          </reporter-output>
        </test-method> <!-- setUp -->
        <test-method status="PASS" signature="test6()[pri:4, instance:testCombyneScripts.LoginScripts@5faeada1]" name="test6" duration-ms="12228" started-at="2020-11-16T23:56:36 EST" finished-at="2020-11-16T23:56:48 EST">
          <reporter-output>
          </reporter-output>
        </test-method> <!-- test6 -->
        <test-method status="PASS" signature="tearDown()[pri:0, instance:testCombyneScripts.LoginScripts@5faeada1]" name="tearDown" is-config="true" duration-ms="697" started-at="2020-11-16T23:56:48 EST" finished-at="2020-11-16T23:56:49 EST">
          <reporter-output>
          </reporter-output>
        </test-method> <!-- tearDown -->
        <test-method status="PASS" signature="setUp()[pri:0, instance:testCombyneScripts.LoginScripts@5faeada1]" name="setUp" is-config="true" duration-ms="3354" started-at="2020-11-16T23:56:49 EST" finished-at="2020-11-16T23:56:52 EST">
          <reporter-output>
          </reporter-output>
        </test-method> <!-- setUp -->
        <test-method status="PASS" signature="test8()[pri:5, instance:testCombyneScripts.LoginScripts@5faeada1]" name="test8" duration-ms="19919" started-at="2020-11-16T23:56:52 EST" finished-at="2020-11-16T23:57:12 EST">
          <reporter-output>
          </reporter-output>
        </test-method> <!-- test8 -->
        <test-method status="PASS" signature="tearDown()[pri:0, instance:testCombyneScripts.LoginScripts@5faeada1]" name="tearDown" is-config="true" duration-ms="726" started-at="2020-11-16T23:57:12 EST" finished-at="2020-11-16T23:57:13 EST">
          <reporter-output>
          </reporter-output>
        </test-method> <!-- tearDown -->
        <test-method status="PASS" signature="setUp()[pri:0, instance:testCombyneScripts.LoginScripts@5faeada1]" name="setUp" is-config="true" duration-ms="3596" started-at="2020-11-16T23:57:13 EST" finished-at="2020-11-16T23:57:16 EST">
          <reporter-output>
          </reporter-output>
        </test-method> <!-- setUp -->
        <test-method status="PASS" signature="test9()[pri:6, instance:testCombyneScripts.LoginScripts@5faeada1]" name="test9" duration-ms="11796" started-at="2020-11-16T23:57:16 EST" finished-at="2020-11-16T23:57:28 EST">
          <reporter-output>
          </reporter-output>
        </test-method> <!-- test9 -->
        <test-method status="PASS" signature="tearDown()[pri:0, instance:testCombyneScripts.LoginScripts@5faeada1]" name="tearDown" is-config="true" duration-ms="654" started-at="2020-11-16T23:57:28 EST" finished-at="2020-11-16T23:57:29 EST">
          <reporter-output>
          </reporter-output>
        </test-method> <!-- tearDown -->
        <test-method status="PASS" signature="setUp()[pri:0, instance:testCombyneScripts.LoginScripts@5faeada1]" name="setUp" is-config="true" duration-ms="3329" started-at="2020-11-16T23:57:29 EST" finished-at="2020-11-16T23:57:32 EST">
          <reporter-output>
          </reporter-output>
        </test-method> <!-- setUp -->
        <test-method status="PASS" signature="test10()[pri:7, instance:testCombyneScripts.LoginScripts@5faeada1]" name="test10" duration-ms="9734" started-at="2020-11-16T23:57:32 EST" finished-at="2020-11-16T23:57:42 EST">
          <reporter-output>
          </reporter-output>
        </test-method> <!-- test10 -->
        <test-method status="PASS" signature="tearDown()[pri:0, instance:testCombyneScripts.LoginScripts@5faeada1]" name="tearDown" is-config="true" duration-ms="628" started-at="2020-11-16T23:57:42 EST" finished-at="2020-11-16T23:57:43 EST">
          <reporter-output>
          </reporter-output>
        </test-method> <!-- tearDown -->
        <test-method status="PASS" signature="setUp()[pri:0, instance:testCombyneScripts.LoginScripts@5faeada1]" name="setUp" is-config="true" duration-ms="3254" started-at="2020-11-16T23:57:43 EST" finished-at="2020-11-16T23:57:46 EST">
          <reporter-output>
          </reporter-output>
        </test-method> <!-- setUp -->
        <test-method status="PASS" signature="test11()[pri:8, instance:testCombyneScripts.LoginScripts@5faeada1]" name="test11" duration-ms="12945" started-at="2020-11-16T23:57:46 EST" finished-at="2020-11-16T23:57:59 EST">
          <reporter-output>
          </reporter-output>
        </test-method> <!-- test11 -->
        <test-method status="PASS" signature="tearDown()[pri:0, instance:testCombyneScripts.LoginScripts@5faeada1]" name="tearDown" is-config="true" duration-ms="664" started-at="2020-11-16T23:57:59 EST" finished-at="2020-11-16T23:57:59 EST">
          <reporter-output>
          </reporter-output>
        </test-method> <!-- tearDown -->
        <test-method status="PASS" signature="setUp()[pri:0, instance:testCombyneScripts.LoginScripts@5faeada1]" name="setUp" is-config="true" duration-ms="3274" started-at="2020-11-16T23:57:59 EST" finished-at="2020-11-16T23:58:03 EST">
          <reporter-output>
          </reporter-output>
        </test-method> <!-- setUp -->
        <test-method status="PASS" signature="test12()[pri:9, instance:testCombyneScripts.LoginScripts@5faeada1]" name="test12" duration-ms="13520" started-at="2020-11-16T23:58:03 EST" finished-at="2020-11-16T23:58:16 EST">
          <reporter-output>
          </reporter-output>
        </test-method> <!-- test12 -->
        <test-method status="PASS" signature="tearDown()[pri:0, instance:testCombyneScripts.LoginScripts@5faeada1]" name="tearDown" is-config="true" duration-ms="1182" started-at="2020-11-16T23:58:16 EST" finished-at="2020-11-16T23:58:17 EST">
          <reporter-output>
          </reporter-output>
        </test-method> <!-- tearDown -->
        <test-method status="PASS" signature="setUp()[pri:0, instance:testCombyneScripts.LoginScripts@5faeada1]" name="setUp" is-config="true" duration-ms="4466" started-at="2020-11-16T23:58:17 EST" finished-at="2020-11-16T23:58:22 EST">
          <reporter-output>
          </reporter-output>
        </test-method> <!-- setUp -->
        <test-method status="PASS" signature="test16()[pri:10, instance:testCombyneScripts.LoginScripts@5faeada1]" name="test16" duration-ms="12129" started-at="2020-11-16T23:58:22 EST" finished-at="2020-11-16T23:58:34 EST">
          <reporter-output>
          </reporter-output>
        </test-method> <!-- test16 -->
        <test-method status="PASS" signature="tearDown()[pri:0, instance:testCombyneScripts.LoginScripts@5faeada1]" name="tearDown" is-config="true" duration-ms="699" started-at="2020-11-16T23:58:34 EST" finished-at="2020-11-16T23:58:35 EST">
          <reporter-output>
          </reporter-output>
        </test-method> <!-- tearDown -->
      </class> <!-- testCombyneScripts.LoginScripts -->
    </test> <!-- Default test -->
  </suite> <!-- Default suite -->
</testng-results>
